-------------------------------------------------------------------------------
Test set: com.classklap.Parking.SlotTest
-------------------------------------------------------------------------------
Tests run: 2, Failures: 1, Errors: 0, Skipped: 0, Time elapsed: 0.07 s <<< FAILURE! - in com.classklap.Parking.SlotTest
testFindNextSlot  Time elapsed: 0.016 s  <<< FAILURE!
org.opentest4j.AssertionFailedError: expected: <1> but was: <0>
	at com.classklap.Parking.SlotTest.testFindNextSlot(SlotTest.java:38)

