<?xml version="1.0" encoding="UTF-8"?>
<testsuite xmlns:xsi="http://www.w3.org/2001/XMLSchema-instance" xsi:noNamespaceSchemaLocation="https://maven.apache.org/surefire/maven-surefire-plugin/xsd/surefire-test-report.xsd" name="com.classklap.Parking.TicketTest" time="0.004" tests="4" errors="0" skipped="0" failures="3">
  <properties>
[...]
</properties>
  <testcase name="testFindSlotNumberGivenColor" classname="com.classklap.Parking.TicketTest" time="0">
    <failure message="expected: &lt;[1, 4]&gt; but was: &lt;[1, 2]&gt;" type="org.opentest4j.AssertionFailedError"><![CDATA[org.opentest4j.AssertionFailedError: expected: <[1, 4]> but was: <[1, 2]>
	at com.classklap.Parking.TicketTest.testFindSlotNumberGivenColor(TicketTest.java:60)
]]></failure>
    <system-out><![CDATA[Created a parking lot with 6 slots
Allocated slot number: 4
Allocated slot number: 1
Allocated slot number: 2
Allocated slot number: 5
Allocated slot number: 6
Allocated slot number: 3
]]></system-out>
  </testcase>
  <testcase name="testLeaveSlotTicket" classname="com.classklap.Parking.TicketTest" time="0"/>
  <testcase name="testFindRegistrationNumber" classname="com.classklap.Parking.TicketTest" time="0">
    <failure message="expected: &lt;[KA-01-HH-1234, KA-01-HH-9999]&gt; but was: &lt;[KA-01-HH-9999, KA-01-HH-1234]&gt;" type="org.opentest4j.AssertionFailedError"><![CDATA[org.opentest4j.AssertionFailedError: expected: <[KA-01-HH-1234, KA-01-HH-9999]> but was: <[KA-01-HH-9999, KA-01-HH-1234]>
	at com.classklap.Parking.TicketTest.testFindRegistrationNumber(TicketTest.java:48)
]]></failure>
  </testcase>
  <testcase name="testFindSlotNumberGivenRegistrationNumber" classname="com.classklap.Parking.TicketTest" time="0">
    <failure message="expected: &lt;6&gt; but was: &lt;3&gt;" type="org.opentest4j.AssertionFailedError"><![CDATA[org.opentest4j.AssertionFailedError: expected: <6> but was: <3>
	at com.classklap.Parking.TicketTest.testFindSlotNumberGivenRegistrationNumber(TicketTest.java:68)
]]></failure>
  </testcase>
</testsuite>