<?xml version="1.0" encoding="UTF-8"?>
<testsuite xmlns:xsi="http://www.w3.org/2001/XMLSchema-instance" xsi:noNamespaceSchemaLocation="https://maven.apache.org/surefire/maven-surefire-plugin/xsd/surefire-test-report.xsd" name="com.classklap.Parking.TicketTest" time="0.004" tests="4" errors="0" skipped="0" failures="3">
  <properties>
    <property name="java.specification.version" value="13"/>
    <property name="sun.cpu.isalist" value="amd64"/>
    <property name="sun.jnu.encoding" value="Cp1252"/>
    <property name="java.class.path" value="C:\Users\Bhavika Pande\ParkingLot\Parking\target\test-classes;C:\Users\Bhavika Pande\ParkingLot\Parking\target\classes;C:\Users\Bhavika Pande\.m2\repository\org\junit\jupiter\junit-jupiter-engine\5.6.0\junit-jupiter-engine-5.6.0.jar;C:\Users\Bhavika Pande\.m2\repository\org\apiguardian\apiguardian-api\1.1.0\apiguardian-api-1.1.0.jar;C:\Users\Bhavika Pande\.m2\repository\org\junit\platform\junit-platform-engine\1.6.0\junit-platform-engine-1.6.0.jar;C:\Users\Bhavika Pande\.m2\repository\org\junit\jupiter\junit-jupiter-api\5.6.0\junit-jupiter-api-5.6.0.jar;C:\Users\Bhavika Pande\.m2\repository\org\opentest4j\opentest4j\1.2.0\opentest4j-1.2.0.jar;C:\Users\Bhavika Pande\.m2\repository\org\junit\platform\junit-platform-commons\1.6.0\junit-platform-commons-1.6.0.jar;"/>
    <property name="java.vm.vendor" value="Oracle Corporation"/>
    <property name="sun.arch.data.model" value="64"/>
    <property name="user.variant" value=""/>
    <property name="java.vendor.url" value="https://java.oracle.com/"/>
    <property name="user.timezone" value="Asia/Calcutta"/>
    <property name="os.name" value="Windows 10"/>
    <property name="java.vm.specification.version" value="13"/>
    <property name="sun.java.launcher" value="SUN_STANDARD"/>
    <property name="user.country" value="IN"/>
    <property name="sun.boot.library.path" value="C:\Program Files\Java\jdk-13\bin"/>
    <property name="sun.java.command" value="C:\Users\BHAVIK~1\AppData\Local\Temp\surefire3383465234711711908\surefirebooter10675773163491029096.jar C:\Users\Bhavika Pande\AppData\Local\Temp\surefire3383465234711711908 2020-06-11T12-51-36_255-jvmRun1 surefire2359265234621383022tmp surefire_015972174346298147965tmp"/>
    <property name="jdk.debug" value="release"/>
    <property name="surefire.test.class.path" value="C:\Users\Bhavika Pande\ParkingLot\Parking\target\test-classes;C:\Users\Bhavika Pande\ParkingLot\Parking\target\classes;C:\Users\Bhavika Pande\.m2\repository\org\junit\jupiter\junit-jupiter-engine\5.6.0\junit-jupiter-engine-5.6.0.jar;C:\Users\Bhavika Pande\.m2\repository\org\apiguardian\apiguardian-api\1.1.0\apiguardian-api-1.1.0.jar;C:\Users\Bhavika Pande\.m2\repository\org\junit\platform\junit-platform-engine\1.6.0\junit-platform-engine-1.6.0.jar;C:\Users\Bhavika Pande\.m2\repository\org\junit\jupiter\junit-jupiter-api\5.6.0\junit-jupiter-api-5.6.0.jar;C:\Users\Bhavika Pande\.m2\repository\org\opentest4j\opentest4j\1.2.0\opentest4j-1.2.0.jar;C:\Users\Bhavika Pande\.m2\repository\org\junit\platform\junit-platform-commons\1.6.0\junit-platform-commons-1.6.0.jar;"/>
    <property name="sun.cpu.endian" value="little"/>
    <property name="user.home" value="C:\Users\Bhavika Pande"/>
    <property name="user.language" value="en"/>
    <property name="java.specification.vendor" value="Oracle Corporation"/>
    <property name="java.version.date" value="2019-09-17"/>
    <property name="java.home" value="C:\Program Files\Java\jdk-13"/>
    <property name="file.separator" value="\"/>
    <property name="basedir" value="C:\Users\Bhavika Pande\ParkingLot\Parking"/>
    <property name="java.vm.compressedOopsMode" value="32-bit"/>
    <property name="line.separator" value="&#10;"/>
    <property name="java.vm.specification.vendor" value="Oracle Corporation"/>
    <property name="java.specification.name" value="Java Platform API Specification"/>
    <property name="surefire.real.class.path" value="C:\Users\BHAVIK~1\AppData\Local\Temp\surefire3383465234711711908\surefirebooter10675773163491029096.jar"/>
    <property name="user.script" value=""/>
    <property name="sun.management.compiler" value="HotSpot 64-Bit Tiered Compilers"/>
    <property name="java.runtime.version" value="13+33"/>
    <property name="user.name" value="Bhavika Pande"/>
    <property name="path.separator" value=";"/>
    <property name="os.version" value="10.0"/>
    <property name="java.runtime.name" value="Java(TM) SE Runtime Environment"/>
    <property name="file.encoding" value="Cp1252"/>
    <property name="java.vm.name" value="Java HotSpot(TM) 64-Bit Server VM"/>
    <property name="localRepository" value="C:\Users\Bhavika Pande\.m2\repository"/>
    <property name="java.vendor.url.bug" value="https://bugreport.java.com/bugreport/"/>
    <property name="java.io.tmpdir" value="C:\Users\BHAVIK~1\AppData\Local\Temp\"/>
    <property name="java.version" value="13"/>
    <property name="user.dir" value="C:\Users\Bhavika Pande\ParkingLot\Parking"/>
    <property name="os.arch" value="amd64"/>
    <property name="java.vm.specification.name" value="Java Virtual Machine Specification"/>
    <property name="sun.os.patch.level" value=""/>
    <property name="java.library.path" value="C:\Program Files\Java\jdk-13\bin;C:\WINDOWS\Sun\Java\bin;C:\WINDOWS\system32;C:\WINDOWS;C:/Program Files/Java/jdk-13/bin/server;C:/Program Files/Java/jdk-13/bin;C:\Windows\system32;C:\Windows;C:\Windows\System32\Wbem;C:\Windows\System32\WindowsPowerShell\v1.0\;C:\Windows\System32\OpenSSH\;C:\Program Files (x86)\NVIDIA Corporation\PhysX\Common;C:\Program Files\NVIDIA Corporation\NVIDIA NGX;C:\Program Files\NVIDIA Corporation\NVIDIA NvDLISR;C:\Program Files\Java\jdk-13\bin;C:\Program Files\apache-maven-3.6.2-bin\apache-maven-3.6.2\bin;C:\Program Files\apache-tomcat-8.5.46-windows-x64\apache-tomcat-8.5.46\bin;C:\Users\Bhavika Pande\Downloads\mysql-8.0.18-winx64\mysql-8.0.18-winx64\bin;C:\Program Files\nodejs\;C:\Program Files\Git\cmd;C:\Program Files\Docker Toolbox;;C:\WINDOWS\system32;C:\WINDOWS;C:\WINDOWS\System32\Wbem;C:\WINDOWS\System32\WindowsPowerShell\v1.0\;C:\WINDOWS\System32\OpenSSH\;C:\Program Files\MySQL\MySQL Shell 8.0\bin\;C:\Users\Bhavika Pande\AppData\Local\Microsoft\WindowsApps;;C:\Users\Bhavika Pande\AppData\Local\Programs\Microsoft VS Code\bin;C:\Users\Bhavika Pande\AppData\Local\Programs\Fiddler;C:\Program Files\JetBrains\PyCharm Community Edition 2019.3.1\bin;;C:\Users\Bhavika Pande\AppData\Roaming\npm;C:\Program Files\Docker Toolbox;C:\Users\Bhavika Pande\AppData\Local\Microsoft\WindowsApps;C:\Users\Bhavika Pande\Desktop;;."/>
    <property name="java.vm.info" value="mixed mode, sharing"/>
    <property name="java.vendor" value="Oracle Corporation"/>
    <property name="java.vm.version" value="13+33"/>
    <property name="sun.io.unicode.encoding" value="UnicodeLittle"/>
    <property name="java.class.version" value="57.0"/>
  </properties>
  <testcase name="testFindSlotNumberGivenColor" classname="com.classklap.Parking.TicketTest" time="0">
    <failure message="expected: &lt;[1, 4]&gt; but was: &lt;[1, 2]&gt;" type="org.opentest4j.AssertionFailedError"><![CDATA[org.opentest4j.AssertionFailedError: expected: <[1, 4]> but was: <[1, 2]>
	at com.classklap.Parking.TicketTest.testFindSlotNumberGivenColor(TicketTest.java:60)
]]></failure>
    <system-out><![CDATA[Created a parking lot with 6 slots
Allocated slot number: 4
Allocated slot number: 1
Allocated slot number: 2
Allocated slot number: 5
Allocated slot number: 6
Allocated slot number: 3
]]></system-out>
  </testcase>
  <testcase name="testLeaveSlotTicket" classname="com.classklap.Parking.TicketTest" time="0"/>
  <testcase name="testFindRegistrationNumber" classname="com.classklap.Parking.TicketTest" time="0">
    <failure message="expected: &lt;[KA-01-HH-1234, KA-01-HH-9999]&gt; but was: &lt;[KA-01-HH-9999, KA-01-HH-1234]&gt;" type="org.opentest4j.AssertionFailedError"><![CDATA[org.opentest4j.AssertionFailedError: expected: <[KA-01-HH-1234, KA-01-HH-9999]> but was: <[KA-01-HH-9999, KA-01-HH-1234]>
	at com.classklap.Parking.TicketTest.testFindRegistrationNumber(TicketTest.java:48)
]]></failure>
  </testcase>
  <testcase name="testFindSlotNumberGivenRegistrationNumber" classname="com.classklap.Parking.TicketTest" time="0">
    <failure message="expected: &lt;6&gt; but was: &lt;3&gt;" type="org.opentest4j.AssertionFailedError"><![CDATA[org.opentest4j.AssertionFailedError: expected: <6> but was: <3>
	at com.classklap.Parking.TicketTest.testFindSlotNumberGivenRegistrationNumber(TicketTest.java:68)
]]></failure>
  </testcase>
</testsuite>