<?xml version="1.0" encoding="UTF-8"?>
<testsuite xmlns:xsi="http://www.w3.org/2001/XMLSchema-instance" xsi:noNamespaceSchemaLocation="https://maven.apache.org/surefire/maven-surefire-plugin/xsd/surefire-test-report.xsd" name="com.classklap.Parking.SlotTest" time="0.07" tests="2" errors="0" skipped="0" failures="1">
  <properties>
[...]
</properties>
  <testcase name="testLeaveSlot" classname="com.classklap.Parking.SlotTest" time="0.04"/>
  <testcase name="testFindNextSlot" classname="com.classklap.Parking.SlotTest" time="0.016">
    <failure message="expected: &lt;1&gt; but was: &lt;0&gt;" type="org.opentest4j.AssertionFailedError"><![CDATA[org.opentest4j.AssertionFailedError: expected: <1> but was: <0>
	at com.classklap.Parking.SlotTest.testFindNextSlot(SlotTest.java:38)
]]></failure>
  </testcase>
</testsuite>